{"level":40,"time":1659397419268,"pid":5056,"hostname":"DESKTOP-E5D7Q7V","msg":"GET /infow not found"}
{"level":40,"time":1659987246576,"pid":1296,"hostname":"DESKTOP-E5D7Q7V","msg":"GET / not found"}
{"level":40,"time":1659987246828,"pid":1296,"hostname":"DESKTOP-E5D7Q7V","msg":"GET /favicon.ico not found"}
{"level":40,"time":1659987628670,"pid":20332,"hostname":"DESKTOP-E5D7Q7V","msg":"GET / not found"}
{"level":40,"time":1660596192099,"pid":5664,"hostname":"DESKTOP-E5D7Q7V","msg":"GET /favicon.ico not found"}
{"level":40,"time":1660600298143,"pid":6456,"hostname":"DESKTOP-E5D7Q7V","msg":"GET /app/css not found"}
{"level":40,"time":1660600304917,"pid":6456,"hostname":"DESKTOP-E5D7Q7V","msg":"GET /app/css/styles.css not found"}
{"level":40,"time":1660600310326,"pid":6456,"hostname":"DESKTOP-E5D7Q7V","msg":"GET /app/styles.css not found"}
{"level":40,"time":1660614207666,"pid":4532,"hostname":"DESKTOP-E5D7Q7V","msg":"GET /cart.js not found"}
{"level":40,"time":1660614457043,"pid":11064,"hostname":"DESKTOP-E5D7Q7V","msg":"GET /cart.js not found"}
{"level":40,"time":1660614877012,"pid":18128,"hostname":"DESKTOP-E5D7Q7V","msg":"GET /cart.js not found"}
{"level":40,"time":1660615081012,"pid":4276,"hostname":"DESKTOP-E5D7Q7V","msg":"GET /cart.js not found"}
{"level":40,"time":1660615137320,"pid":17488,"hostname":"DESKTOP-E5D7Q7V","msg":"GET /cart.js not found"}
{"level":40,"time":1660615429309,"pid":9980,"hostname":"DESKTOP-E5D7Q7V","msg":"GET /cart.js not found"}
{"level":40,"time":1660662026062,"pid":15144,"hostname":"DESKTOP-E5D7Q7V","msg":"GET /favicon.ico not found"}
{"level":40,"time":1660677148980,"pid":9428,"hostname":"DESKTOP-E5D7Q7V","msg":"Table products already exists"}
{"level":40,"time":1660677179389,"pid":3836,"hostname":"DESKTOP-E5D7Q7V","msg":"Table products already exists"}
{"level":40,"time":1660677315510,"pid":16492,"hostname":"DESKTOP-E5D7Q7V","msg":"Table products already exists"}
{"level":40,"time":1660677426091,"pid":1948,"hostname":"DESKTOP-E5D7Q7V","msg":"Table products already exists"}
{"level":40,"time":1660677479551,"pid":728,"hostname":"DESKTOP-E5D7Q7V","msg":"Table products already exists"}
{"level":40,"time":1660677666827,"pid":15016,"hostname":"DESKTOP-E5D7Q7V","msg":"Table products already exists"}
{"level":40,"time":1660677702946,"pid":16896,"hostname":"DESKTOP-E5D7Q7V","msg":"Table products already exists"}
{"level":40,"time":1660677817165,"pid":14036,"hostname":"DESKTOP-E5D7Q7V","msg":"Table products already exists"}
{"level":40,"time":1660677924781,"pid":17636,"hostname":"DESKTOP-E5D7Q7V","msg":"Table products already exists"}
{"level":40,"time":1660677960828,"pid":16892,"hostname":"DESKTOP-E5D7Q7V","msg":"Table products already exists"}
{"level":40,"time":1660678731647,"pid":11884,"hostname":"DESKTOP-E5D7Q7V","msg":"Table products already exists"}
{"level":40,"time":1660682396774,"pid":16560,"hostname":"DESKTOP-E5D7Q7V","msg":"Table products already exists"}
{"level":40,"time":1660682471930,"pid":16472,"hostname":"DESKTOP-E5D7Q7V","msg":"Table products already exists"}
{"level":40,"time":1660682609975,"pid":11940,"hostname":"DESKTOP-E5D7Q7V","msg":"Table products already exists"}
{"level":40,"time":1660682819846,"pid":10276,"hostname":"DESKTOP-E5D7Q7V","msg":"Table products already exists"}
{"level":40,"time":1660682889584,"pid":6972,"hostname":"DESKTOP-E5D7Q7V","msg":"Table products already exists"}
{"level":40,"time":1660683421818,"pid":2436,"hostname":"DESKTOP-E5D7Q7V","msg":"Table products already exists"}
{"level":40,"time":1660683582216,"pid":3908,"hostname":"DESKTOP-E5D7Q7V","msg":"Table products already exists"}
{"level":40,"time":1660683818896,"pid":12964,"hostname":"DESKTOP-E5D7Q7V","msg":"Table products already exists"}
{"level":40,"time":1660685290815,"pid":10276,"hostname":"DESKTOP-E5D7Q7V","msg":"Table products already exists"}
{"level":40,"time":1660685442936,"pid":12984,"hostname":"DESKTOP-E5D7Q7V","msg":"Table products already exists"}
{"level":40,"time":1660685478262,"pid":16448,"hostname":"DESKTOP-E5D7Q7V","msg":"Table products already exists"}
{"level":40,"time":1660685748366,"pid":18100,"hostname":"DESKTOP-E5D7Q7V","msg":"Table products already exists"}
{"level":40,"time":1660688960446,"pid":9968,"hostname":"DESKTOP-E5D7Q7V","msg":"Table products already exists"}
{"level":40,"time":1660688995697,"pid":9968,"hostname":"DESKTOP-E5D7Q7V","msg":"GET /app/checkout not found"}
{"level":40,"time":1660689668755,"pid":10556,"hostname":"DESKTOP-E5D7Q7V","msg":"Table products already exists"}
{"level":40,"time":1660689774364,"pid":10556,"hostname":"DESKTOP-E5D7Q7V","msg":"GET /app/checkout not found"}
{"level":40,"time":1660689960640,"pid":7584,"hostname":"DESKTOP-E5D7Q7V","msg":"Table products already exists"}
{"level":40,"time":1660689992749,"pid":7584,"hostname":"DESKTOP-E5D7Q7V","msg":"GET /app/cart/checkout/callback not found"}
{"level":40,"time":1660690837753,"pid":15672,"hostname":"DESKTOP-E5D7Q7V","msg":"Table products already exists"}
{"level":40,"time":1660691006651,"pid":11744,"hostname":"DESKTOP-E5D7Q7V","msg":"Table products already exists"}
{"level":40,"time":1660693223568,"pid":13500,"hostname":"DESKTOP-E5D7Q7V","msg":"Table products already exists"}
{"level":40,"time":1660693421938,"pid":16332,"hostname":"DESKTOP-E5D7Q7V","msg":"Table products already exists"}
{"level":40,"time":1660693706296,"pid":5128,"hostname":"DESKTOP-E5D7Q7V","msg":"Table products already exists"}
{"level":40,"time":1660695196768,"pid":948,"hostname":"DESKTOP-E5D7Q7V","msg":"Table products already exists"}
{"level":40,"time":1660695484794,"pid":10300,"hostname":"DESKTOP-E5D7Q7V","msg":"Table products already exists"}
{"level":40,"time":1660695641667,"pid":14688,"hostname":"DESKTOP-E5D7Q7V","msg":"Table products already exists"}
{"level":40,"time":1660695752138,"pid":11812,"hostname":"DESKTOP-E5D7Q7V","msg":"Table products already exists"}
{"level":40,"time":1660695895549,"pid":3512,"hostname":"DESKTOP-E5D7Q7V","msg":"Table products already exists"}
{"level":40,"time":1660696022759,"pid":4052,"hostname":"DESKTOP-E5D7Q7V","msg":"Table products already exists"}
{"level":40,"time":1660696420006,"pid":12900,"hostname":"DESKTOP-E5D7Q7V","msg":"Table products already exists"}
{"level":40,"time":1660696950440,"pid":10616,"hostname":"DESKTOP-E5D7Q7V","msg":"Table products already exists"}
{"level":40,"time":1660697379218,"pid":9956,"hostname":"DESKTOP-E5D7Q7V","msg":"Table products already exists"}
{"level":40,"time":1660698213086,"pid":11496,"hostname":"DESKTOP-E5D7Q7V","msg":"Table products already exists"}
{"level":40,"time":1660698608950,"pid":11420,"hostname":"DESKTOP-E5D7Q7V","msg":"Table products already exists"}
{"level":40,"time":1660698916826,"pid":16768,"hostname":"DESKTOP-E5D7Q7V","msg":"Table products already exists"}
{"level":40,"time":1660699723546,"pid":15228,"hostname":"DESKTOP-E5D7Q7V","msg":"Table products already exists"}
{"level":40,"time":1660699909069,"pid":12076,"hostname":"DESKTOP-E5D7Q7V","msg":"Table products already exists"}
{"level":40,"time":1660700275995,"pid":12692,"hostname":"DESKTOP-E5D7Q7V","msg":"Table products already exists"}
{"level":40,"time":1660700292828,"pid":6412,"hostname":"DESKTOP-E5D7Q7V","msg":"Table products already exists"}
{"level":40,"time":1660700292831,"pid":8044,"hostname":"DESKTOP-E5D7Q7V","msg":"Table products already exists"}
{"level":40,"time":1660700293060,"pid":8636,"hostname":"DESKTOP-E5D7Q7V","msg":"Table products already exists"}
{"level":40,"time":1660700293102,"pid":6740,"hostname":"DESKTOP-E5D7Q7V","msg":"Table products already exists"}
{"level":40,"time":1660700430943,"pid":18348,"hostname":"DESKTOP-E5D7Q7V","msg":"Table products already exists"}
{"level":40,"time":1660700450522,"pid":10844,"hostname":"DESKTOP-E5D7Q7V","msg":"Table products already exists"}
{"level":40,"time":1660700450532,"pid":13828,"hostname":"DESKTOP-E5D7Q7V","msg":"Table products already exists"}
{"level":40,"time":1660700450835,"pid":4140,"hostname":"DESKTOP-E5D7Q7V","msg":"Table products already exists"}
{"level":40,"time":1660700450842,"pid":13664,"hostname":"DESKTOP-E5D7Q7V","msg":"Table products already exists"}
{"level":40,"time":1661209063001,"pid":15844,"hostname":"DESKTOP-E5D7Q7V","msg":"Table products already exists"}
{"level":40,"time":1661209076182,"pid":15844,"hostname":"DESKTOP-E5D7Q7V","msg":"GET / not found"}
{"level":40,"time":1661209076412,"pid":15844,"hostname":"DESKTOP-E5D7Q7V","msg":"GET /favicon.ico not found"}
{"level":40,"time":1661209287996,"pid":2428,"hostname":"DESKTOP-E5D7Q7V","msg":"Table products already exists"}
{"level":40,"time":1661209491197,"pid":13168,"hostname":"DESKTOP-E5D7Q7V","msg":"Table products already exists"}
{"level":40,"time":1661211423453,"pid":3700,"hostname":"DESKTOP-E5D7Q7V","msg":"Table products already exists"}
{"level":40,"time":1661211434066,"pid":3700,"hostname":"DESKTOP-E5D7Q7V","msg":"GET / not found"}
{"level":40,"time":1661214482526,"pid":15608,"hostname":"DESKTOP-E5D7Q7V","msg":"Table products already exists"}
{"level":40,"time":1661214490970,"pid":15608,"hostname":"DESKTOP-E5D7Q7V","msg":"GET / not found"}
{"level":40,"time":1661818785812,"pid":13272,"hostname":"DESKTOP-E5D7Q7V","msg":"Table products already exists"}
{"level":40,"time":1661818814687,"pid":13272,"hostname":"DESKTOP-E5D7Q7V","msg":"GET /favicon.ico not found"}
{"level":40,"time":1661818919102,"pid":10668,"hostname":"DESKTOP-E5D7Q7V","msg":"Table products already exists"}
